
 /----------------------------------------------------------------------------\
 |                                                                            |
 |  yosys -- Yosys Open SYnthesis Suite                                       |
 |                                                                            |
 |  Copyright (C) 2012 - 2020  Claire Xenia Wolf <claire@yosyshq.com>         |
 |                                                                            |
 |  Permission to use, copy, modify, and/or distribute this software for any  |
 |  purpose with or without fee is hereby granted, provided that the above    |
 |  copyright notice and this permission notice appear in all copies.         |
 |                                                                            |
 |  THE SOFTWARE IS PROVIDED "AS IS" AND THE AUTHOR DISCLAIMS ALL WARRANTIES  |
 |  WITH REGARD TO THIS SOFTWARE INCLUDING ALL IMPLIED WARRANTIES OF          |
 |  MERCHANTABILITY AND FITNESS. IN NO EVENT SHALL THE AUTHOR BE LIABLE FOR   |
 |  ANY SPECIAL, DIRECT, INDIRECT, OR CONSEQUENTIAL DAMAGES OR ANY DAMAGES    |
 |  WHATSOEVER RESULTING FROM LOSS OF USE, DATA OR PROFITS, WHETHER IN AN     |
 |  ACTION OF CONTRACT, NEGLIGENCE OR OTHER TORTIOUS ACTION, ARISING OUT OF   |
 |  OR IN CONNECTION WITH THE USE OR PERFORMANCE OF THIS SOFTWARE.            |
 |                                                                            |
 \----------------------------------------------------------------------------/

 Yosys 0.33 (git sha1 2584903a060)


-- Executing script file `design_prep.ys' --

1. Executing RTLIL frontend.
Input filename: design.il

2. Executing SCC pass (detecting logic loops).
Found 0 SCCs in module riscv_regfile.
Found 0 SCCs in module riscv_mul.
Found 0 SCCs in module riscv_fetch_decode.
Found 0 SCCs in module riscv_execute.
Found 0 SCCs in module riscv_csr.
Found 0 SCCs in module riscv_cpu.
Found 0 SCCs in module riscv_alu.
Found 0 SCCs.

3. Executing SIMPLEMAP pass (map simple cells to gate primitives).

4. Executing MEMORY_NORDFF pass (extracting $dff cells from memories).

5. Executing ASYNC2SYNC pass.

6. Executing OPT_CLEAN pass (remove unused cells and wires).
Finding unused cells or wires in module \riscv_regfile..
Finding unused cells or wires in module \riscv_mul..
Finding unused cells or wires in module \riscv_fetch_decode..
Finding unused cells or wires in module \riscv_execute..
Finding unused cells or wires in module \riscv_csr..
Finding unused cells or wires in module \riscv_cpu..
Finding unused cells or wires in module \riscv_alu..

7. Executing FORMALFF pass.

8. Executing OPT_CLEAN pass (remove unused cells and wires).
Finding unused cells or wires in module \riscv_alu..
Finding unused cells or wires in module \riscv_cpu..
Finding unused cells or wires in module \riscv_csr..
Finding unused cells or wires in module \riscv_execute..
Finding unused cells or wires in module \riscv_fetch_decode..
Finding unused cells or wires in module \riscv_mul..
Finding unused cells or wires in module \riscv_regfile..
Removed 3 unused cells and 3 unused wires.
<suppressed ~6 debug messages>

9. Executing CHECK pass (checking for obvious problems).
Checking module riscv_alu...
Checking module riscv_cpu...
Checking module riscv_csr...
Checking module riscv_execute...
Checking module riscv_fetch_decode...
Checking module riscv_mul...
Checking module riscv_regfile...
Found and reported 0 problems.

10. Executing SETUNDEF pass (replace undef values with defined constants).

11. Executing OPT pass (performing simple optimizations).

11.1. Executing OPT_EXPR pass (perform const folding).
Optimizing module riscv_alu.
Optimizing module riscv_cpu.
Optimizing module riscv_csr.
Optimizing module riscv_execute.
Optimizing module riscv_fetch_decode.
Optimizing module riscv_mul.
Optimizing module riscv_regfile.

11.2. Executing OPT_MERGE pass (detect identical cells).
Finding identical cells in module `\riscv_alu'.
Finding identical cells in module `\riscv_cpu'.
Finding identical cells in module `\riscv_csr'.
Finding identical cells in module `\riscv_execute'.
Finding identical cells in module `\riscv_fetch_decode'.
Finding identical cells in module `\riscv_mul'.
Finding identical cells in module `\riscv_regfile'.
Removed a total of 0 cells.

11.3. Executing OPT_DFF pass (perform DFF optimizations).

11.4. Executing OPT_CLEAN pass (remove unused cells and wires).
Finding unused cells or wires in module \riscv_alu..
Finding unused cells or wires in module \riscv_cpu..
Finding unused cells or wires in module \riscv_csr..
Finding unused cells or wires in module \riscv_execute..
Finding unused cells or wires in module \riscv_fetch_decode..
Finding unused cells or wires in module \riscv_mul..
Finding unused cells or wires in module \riscv_regfile..

11.5. Finished fast OPT passes.

12. Executing OPT_CLEAN pass (remove unused cells and wires).
Finding unused cells or wires in module \riscv_alu..
Finding unused cells or wires in module \riscv_cpu..
Finding unused cells or wires in module \riscv_csr..
Finding unused cells or wires in module \riscv_execute..
Finding unused cells or wires in module \riscv_fetch_decode..
Finding unused cells or wires in module \riscv_mul..
Finding unused cells or wires in module \riscv_regfile..
Removed 0 unused cells and 8 unused wires.
<suppressed ~2 debug messages>

13. Executing RTLIL backend.
Output filename: ../model/design_prep.il

End of script. Logfile hash: 666eab362c, CPU: user 0.54s system 0.02s, MEM: 16.29 MB peak
Yosys 0.33 (git sha1 2584903a060)
Time spent: 26% 4x opt_clean (0 sec), 19% 1x check (0 sec), ...
